0 info it worked if it ends with ok
1 verbose cli [ '/usr/local/bin/node', '/usr/local/bin/npm', 'start' ]
2 info using npm@3.6.0
3 info using node@v5.7.0
4 verbose run-script [ 'prestart', 'start', 'poststart' ]
5 info lifecycle angular-quickstart@1.0.0~prestart: angular-quickstart@1.0.0
6 silly lifecycle angular-quickstart@1.0.0~prestart: no script for prestart, continuing
7 info lifecycle angular-quickstart@1.0.0~start: angular-quickstart@1.0.0
8 verbose lifecycle angular-quickstart@1.0.0~start: unsafe-perm in lifecycle true
9 verbose lifecycle angular-quickstart@1.0.0~start: PATH: /usr/local/lib/node_modules/npm/bin/node-gyp-bin:/Users/jimbot/Dropbox/MAKERSQUARE/angular2/quickstart/node_modules/.bin:/usr/local/bin:/usr/bin:/bin:/usr/sbin:/sbin:/usr/local/bin:/Users/jimbot
10 verbose lifecycle angular-quickstart@1.0.0~start: CWD: /Users/jimbot/Dropbox/MAKERSQUARE/angular2/quickstart
11 silly lifecycle angular-quickstart@1.0.0~start: Args: [ '-c', 'tsc && concurrently "tsc -w" "lite-server" ' ]
12 silly lifecycle angular-quickstart@1.0.0~start: Returned: code: 2  signal: null
13 info lifecycle angular-quickstart@1.0.0~start: Failed to exec start script
14 verbose stack Error: angular-quickstart@1.0.0 start: `tsc && concurrently "tsc -w" "lite-server" `
14 verbose stack Exit status 2
14 verbose stack     at EventEmitter.<anonymous> (/usr/local/lib/node_modules/npm/lib/utils/lifecycle.js:232:16)
14 verbose stack     at emitTwo (events.js:100:13)
14 verbose stack     at EventEmitter.emit (events.js:185:7)
14 verbose stack     at ChildProcess.<anonymous> (/usr/local/lib/node_modules/npm/lib/utils/spawn.js:24:14)
14 verbose stack     at emitTwo (events.js:100:13)
14 verbose stack     at ChildProcess.emit (events.js:185:7)
14 verbose stack     at maybeClose (internal/child_process.js:827:16)
14 verbose stack     at Process.ChildProcess._handle.onexit (internal/child_process.js:211:5)
15 verbose pkgid angular-quickstart@1.0.0
16 verbose cwd /Users/jimbot/Dropbox/MAKERSQUARE/angular2/quickstart
17 error Darwin 15.6.0
18 error argv "/usr/local/bin/node" "/usr/local/bin/npm" "start"
19 error node v5.7.0
20 error npm  v3.6.0
21 error code ELIFECYCLE
22 error angular-quickstart@1.0.0 start: `tsc && concurrently "tsc -w" "lite-server" `
22 error Exit status 2
23 error Failed at the angular-quickstart@1.0.0 start script 'tsc && concurrently "tsc -w" "lite-server" '.
23 error Make sure you have the latest version of node.js and npm installed.
23 error If you do, this is most likely a problem with the angular-quickstart package,
23 error not with npm itself.
23 error Tell the author that this fails on your system:
23 error     tsc && concurrently "tsc -w" "lite-server"
23 error You can get information on how to open an issue for this project with:
23 error     npm bugs angular-quickstart
23 error Or if that isn't available, you can get their info via:
23 error     npm owner ls angular-quickstart
23 error There is likely additional logging output above.
24 verbose exit [ 1, true ]
